2021-10-04 08:31:34,625:INFO:PyCaret Supervised Module
2021-10-04 08:31:34,626:INFO:ML Usecase: classification
2021-10-04 08:31:34,626:INFO:version 2.3.4
2021-10-04 08:31:34,627:INFO:Initializing setup()
2021-10-04 08:31:34,627:INFO:setup(target=TARGET, ml_usecase=classification, available_plots={'parameter': 'Hyperparameters', 'auc': 'AUC', 'confusion_matrix': 'Confusion Matrix', 'threshold': 'Threshold', 'pr': 'Precision Recall', 'error': 'Prediction Error', 'class_report': 'Class Report', 'rfe': 'Feature Selection', 'learning': 'Learning Curve', 'manifold': 'Manifold Learning', 'calibration': 'Calibration Curve', 'vc': 'Validation Curve', 'dimension': 'Dimensions', 'feature': 'Feature Importance', 'feature_all': 'Feature Importance (All)', 'boundary': 'Decision Boundary', 'lift': 'Lift Chart', 'gain': 'Gain Chart', 'tree': 'Decision Tree', 'ks': 'KS Statistic Plot'}, train_size=0.7, test_data=None, preprocess=True, imputation_type=simple, iterative_imputation_iters=5, categorical_features=None, categorical_imputation=constant, categorical_iterative_imputer=lightgbm, ordinal_features=None, high_cardinality_features=None, high_cardinality_method=frequency, numeric_features=None, numeric_imputation=mean, numeric_iterative_imputer=lightgbm, date_features=None, ignore_features=None, normalize=False, normalize_method=zscore, transformation=False, transformation_method=yeo-johnson, handle_unknown_categorical=True, unknown_categorical_method=least_frequent, pca=False, pca_method=linear, pca_components=None, ignore_low_variance=True, combine_rare_levels=False, rare_level_threshold=0.1, bin_numeric_features=None, remove_outliers=False, outliers_threshold=0.05, remove_multicollinearity=False, multicollinearity_threshold=0.9, remove_perfect_collinearity=True, create_clusters=False, cluster_iter=20, polynomial_features=False, polynomial_degree=2, trigonometry_features=False, polynomial_threshold=0.1, group_features=None, group_names=None, feature_selection=True, feature_selection_threshold=0.8, feature_selection_method=classic, feature_interaction=False, feature_ratio=False, interaction_threshold=0.01, fix_imbalance=False, fix_imbalance_method=None, transform_target=False, transform_target_method=box-cox, data_split_shuffle=True, data_split_stratify=False, fold_strategy=stratifiedkfold, fold=10, fold_shuffle=False, fold_groups=None, n_jobs=-1, use_gpu=False, custom_pipeline=None, html=True, session_id=123, log_experiment=False, experiment_name=None, log_plots=False, log_profile=False, log_data=False, silent=False, verbose=True, profile=False, profile_kwargs=None, display=None)
2021-10-04 08:31:34,628:INFO:Checking environment
2021-10-04 08:31:34,628:INFO:python_version: 3.8.5
2021-10-04 08:31:34,628:INFO:python_build: ('default', 'Sep  3 2020 21:29:08')
2021-10-04 08:31:34,628:INFO:machine: AMD64
2021-10-04 08:31:34,629:INFO:platform: Windows-10-10.0.19041-SP0
2021-10-04 08:31:34,629:INFO:Memory: svmem(total=16983539712, available=9304604672, percent=45.2, used=7678935040, free=9304604672)
2021-10-04 08:31:34,629:INFO:Physical Core: 6
2021-10-04 08:31:34,629:INFO:Logical Core: 12
2021-10-04 08:31:34,629:INFO:Checking libraries
2021-10-04 08:31:34,629:INFO:pd==1.3.3
2021-10-04 08:31:34,629:INFO:numpy==1.19.5
2021-10-04 08:31:34,630:INFO:sklearn==0.23.2
2021-10-04 08:31:34,630:INFO:lightgbm==3.2.1
2021-10-04 08:31:34,632:WARNING:catboost not found
2021-10-04 08:31:34,636:WARNING:xgboost not found
2021-10-04 08:31:36,489:INFO:mlflow==1.20.2
2021-10-04 08:31:36,489:INFO:Checking Exceptions
2021-10-04 08:31:36,489:INFO:Declaring global variables
2021-10-04 08:31:36,489:INFO:USI: 0981
2021-10-04 08:31:36,491:INFO:pycaret_globals: {'master_model_container', 'fold_shuffle_param', 'transform_target_param', 'fix_imbalance_param', 'transform_target_method_param', 'fold_generator', 'imputation_classifier', 'data_before_preprocess', 'fold_groups_param_full', 'fold_groups_param', 'pycaret_globals', 'gpu_param', 'seed', 'n_jobs_param', 'iterative_imputation_iters_param', 'stratify_param', 'experiment__', 'exp_name_log', 'y_test', 'prep_pipe', 'create_model_container', '_all_models', 'imputation_regressor', 'logging_param', '_internal_pipeline', 'USI', '_available_plots', 'fold_param', 'log_plots_param', 'target_param', 'html_param', '_ml_usecase', '_gpu_n_jobs_param', '_all_metrics', 'fix_imbalance_method_param', 'y', 'X', 'X_test', '_all_models_internal', 'display_container', 'X_train', 'y_train'}
2021-10-04 08:31:36,491:INFO:Preparing display monitor
2021-10-04 08:31:36,491:INFO:Preparing display monitor
2021-10-04 08:31:36,518:INFO:Importing libraries
2021-10-04 08:31:36,519:INFO:Copying data for preprocessing
2021-10-04 08:31:36,538:INFO:Declaring preprocessing parameters
2021-10-04 08:31:36,543:INFO:Creating preprocessing pipeline
2021-10-04 08:31:36,575:INFO:Preprocessing pipeline created successfully
2021-10-04 08:31:36,576:ERROR:(Process Exit): setup has been interupted with user command 'quit'. setup must rerun.
2021-10-04 08:31:36,577:INFO:Creating global containers
2021-10-04 08:31:36,577:INFO:Internal pipeline: Pipeline(memory=None, steps=[('empty_step', 'passthrough')], verbose=False)
2021-10-04 08:31:40,552:WARNING:Couldn't import xgboost.XGBClassifier
2021-10-04 08:31:40,552:WARNING:Couldn't import catboost.CatBoostClassifier
2021-10-04 08:31:40,653:WARNING:Couldn't import xgboost.XGBClassifier
2021-10-04 08:31:40,653:WARNING:Couldn't import catboost.CatBoostClassifier
2021-10-04 08:31:40,661:INFO:Creating grid variables
2021-10-04 08:31:40,688:INFO:create_model_container: 0
2021-10-04 08:31:40,689:INFO:master_model_container: 0
2021-10-04 08:31:40,690:INFO:display_container: 1
2021-10-04 08:31:40,701:INFO:Pipeline(memory=None,
         steps=[('dtypes',
                 DataTypes_Auto_infer(categorical_features=[],
                                      display_types=True, features_todrop=[],
                                      id_columns=[],
                                      ml_usecase='classification',
                                      numerical_features=[], target='TARGET',
                                      time_features=[])),
                ('imputer',
                 Simple_Imputer(categorical_strategy='not_available',
                                fill_value_categorical=None,
                                fill_value_numerical=None,
                                numeric_strat...
                ('fix_perfect', Remove_100(target='TARGET')),
                ('clean_names', Clean_Colum_Names()),
                ('feature_select',
                 Advanced_Feature_Selection_Classic(ml_usecase='classification',
                                                    n_jobs=-1, random_state=123,
                                                    subclass='binary',
                                                    target='TARGET',
                                                    top_features_to_pick=0.19999999999999996)),
                ('fix_multi', 'passthrough'), ('dfs', 'passthrough'),
                ('pca', 'passthrough')],
         verbose=False)
2021-10-04 08:31:40,701:INFO:setup() succesfully completed......................................
2021-10-04 08:31:56,497:INFO:Initializing compare_models()
2021-10-04 08:31:56,498:INFO:compare_models(include=None, fold=None, round=4, cross_validation=True, sort=Accuracy, n_select=1, budget_time=None, turbo=True, errors=ignore, fit_kwargs=None, groups=None, verbose=True, display=None, exclude=None)
2021-10-04 08:31:56,498:INFO:Checking exceptions
2021-10-04 08:31:56,500:INFO:Preparing display monitor
2021-10-04 08:31:56,501:INFO:Preparing display monitor
2021-10-04 08:31:56,567:INFO:Initializing Logistic Regression
2021-10-04 08:31:56,568:INFO:Total runtime is 1.677274703979492e-05 minutes
2021-10-04 08:31:56,590:INFO:SubProcess create_model() called ==================================
2021-10-04 08:31:56,591:INFO:Initializing create_model()
2021-10-04 08:31:56,591:INFO:create_model(estimator=lr, fold=StratifiedKFold(n_splits=10, random_state=None, shuffle=False), round=4, cross_validation=True, predict=True, fit_kwargs={}, groups=None, refit=False, verbose=False, system=False, metrics=None, add_to_model_list=True, display=<pycaret.internal.Display.Display object at 0x0000027C205EF4F0>, kwargs={})
2021-10-04 08:31:56,592:INFO:Checking exceptions
2021-10-04 08:31:56,592:INFO:Importing libraries
2021-10-04 08:31:56,592:INFO:Copying training dataset
2021-10-04 08:31:56,593:INFO:Defining folds
2021-10-04 08:31:56,594:INFO:Declaring metric variables
2021-10-04 08:31:56,614:INFO:Importing untrained model
2021-10-04 08:31:56,637:INFO:Logistic Regression Imported succesfully
2021-10-04 08:31:56,686:INFO:Starting cross validation
2021-10-04 08:31:56,687:INFO:Cross validating with StratifiedKFold(n_splits=10, random_state=None, shuffle=False), n_jobs=-1
2021-10-04 08:32:09,504:INFO:Calculating mean and std
2021-10-04 08:32:09,505:INFO:Creating metrics dataframe
2021-10-04 08:32:09,518:INFO:Uploading results into container
2021-10-04 08:32:09,518:INFO:Uploading model into container now
2021-10-04 08:32:09,520:INFO:create_model_container: 1
2021-10-04 08:32:09,520:INFO:master_model_container: 1
2021-10-04 08:32:09,521:INFO:display_container: 2
2021-10-04 08:32:09,522:INFO:LogisticRegression(C=1.0, class_weight=None, dual=False, fit_intercept=True,
                   intercept_scaling=1, l1_ratio=None, max_iter=1000,
                   multi_class='auto', n_jobs=None, penalty='l2',
                   random_state=123, solver='lbfgs', tol=0.0001, verbose=0,
                   warm_start=False)
2021-10-04 08:32:09,522:INFO:create_model() succesfully completed......................................
2021-10-04 08:32:09,628:INFO:SubProcess create_model() end ==================================
2021-10-04 08:32:09,628:INFO:Creating metrics dataframe
2021-10-04 08:32:09,650:INFO:Initializing K Neighbors Classifier
2021-10-04 08:32:09,650:INFO:Total runtime is 0.2180494467417399 minutes
2021-10-04 08:32:09,668:INFO:SubProcess create_model() called ==================================
2021-10-04 08:32:09,669:INFO:Initializing create_model()
2021-10-04 08:32:09,669:INFO:create_model(estimator=knn, fold=StratifiedKFold(n_splits=10, random_state=None, shuffle=False), round=4, cross_validation=True, predict=True, fit_kwargs={}, groups=None, refit=False, verbose=False, system=False, metrics=None, add_to_model_list=True, display=<pycaret.internal.Display.Display object at 0x0000027C205EF4F0>, kwargs={})
2021-10-04 08:32:09,670:INFO:Checking exceptions
2021-10-04 08:32:09,670:INFO:Importing libraries
2021-10-04 08:32:09,670:INFO:Copying training dataset
2021-10-04 08:32:09,673:INFO:Defining folds
2021-10-04 08:32:09,673:INFO:Declaring metric variables
2021-10-04 08:32:09,693:INFO:Importing untrained model
2021-10-04 08:32:09,717:INFO:K Neighbors Classifier Imported succesfully
2021-10-04 08:32:09,768:INFO:Starting cross validation
2021-10-04 08:32:09,770:INFO:Cross validating with StratifiedKFold(n_splits=10, random_state=None, shuffle=False), n_jobs=-1
2021-10-04 08:32:14,132:INFO:Calculating mean and std
2021-10-04 08:32:14,136:INFO:Creating metrics dataframe
2021-10-04 08:32:14,145:INFO:Uploading results into container
2021-10-04 08:32:14,145:INFO:Uploading model into container now
2021-10-04 08:32:14,146:INFO:create_model_container: 2
2021-10-04 08:32:14,146:INFO:master_model_container: 2
2021-10-04 08:32:14,146:INFO:display_container: 2
2021-10-04 08:32:14,147:INFO:KNeighborsClassifier(algorithm='auto', leaf_size=30, metric='minkowski',
                     metric_params=None, n_jobs=-1, n_neighbors=5, p=2,
                     weights='uniform')
2021-10-04 08:32:14,147:INFO:create_model() succesfully completed......................................
2021-10-04 08:32:14,237:INFO:SubProcess create_model() end ==================================
2021-10-04 08:32:14,237:INFO:Creating metrics dataframe
2021-10-04 08:32:14,265:INFO:Initializing Naive Bayes
2021-10-04 08:32:14,266:INFO:Total runtime is 0.29498164653778075 minutes
2021-10-04 08:32:14,282:INFO:SubProcess create_model() called ==================================
2021-10-04 08:32:14,283:INFO:Initializing create_model()
2021-10-04 08:32:14,283:INFO:create_model(estimator=nb, fold=StratifiedKFold(n_splits=10, random_state=None, shuffle=False), round=4, cross_validation=True, predict=True, fit_kwargs={}, groups=None, refit=False, verbose=False, system=False, metrics=None, add_to_model_list=True, display=<pycaret.internal.Display.Display object at 0x0000027C205EF4F0>, kwargs={})
2021-10-04 08:32:14,283:INFO:Checking exceptions
2021-10-04 08:32:14,283:INFO:Importing libraries
2021-10-04 08:32:14,283:INFO:Copying training dataset
2021-10-04 08:32:14,284:INFO:Defining folds
2021-10-04 08:32:14,287:INFO:Declaring metric variables
2021-10-04 08:32:14,308:INFO:Importing untrained model
2021-10-04 08:32:14,329:INFO:Naive Bayes Imported succesfully
2021-10-04 08:32:14,373:INFO:Starting cross validation
2021-10-04 08:32:14,374:INFO:Cross validating with StratifiedKFold(n_splits=10, random_state=None, shuffle=False), n_jobs=-1
2021-10-04 08:32:14,505:INFO:Calculating mean and std
2021-10-04 08:32:14,505:INFO:Creating metrics dataframe
2021-10-04 08:32:14,516:INFO:Uploading results into container
2021-10-04 08:32:14,516:INFO:Uploading model into container now
2021-10-04 08:32:14,516:INFO:create_model_container: 3
2021-10-04 08:32:14,517:INFO:master_model_container: 3
2021-10-04 08:32:14,517:INFO:display_container: 2
2021-10-04 08:32:14,517:INFO:GaussianNB(priors=None, var_smoothing=1e-09)
2021-10-04 08:32:14,518:INFO:create_model() succesfully completed......................................
2021-10-04 08:32:14,613:INFO:SubProcess create_model() end ==================================
2021-10-04 08:32:14,613:INFO:Creating metrics dataframe
2021-10-04 08:32:14,642:INFO:Initializing Decision Tree Classifier
2021-10-04 08:32:14,642:INFO:Total runtime is 0.30124506950378416 minutes
2021-10-04 08:32:14,661:INFO:SubProcess create_model() called ==================================
2021-10-04 08:32:14,663:INFO:Initializing create_model()
2021-10-04 08:32:14,663:INFO:create_model(estimator=dt, fold=StratifiedKFold(n_splits=10, random_state=None, shuffle=False), round=4, cross_validation=True, predict=True, fit_kwargs={}, groups=None, refit=False, verbose=False, system=False, metrics=None, add_to_model_list=True, display=<pycaret.internal.Display.Display object at 0x0000027C205EF4F0>, kwargs={})
2021-10-04 08:32:14,663:INFO:Checking exceptions
2021-10-04 08:32:14,664:INFO:Importing libraries
2021-10-04 08:32:14,664:INFO:Copying training dataset
2021-10-04 08:32:14,666:INFO:Defining folds
2021-10-04 08:32:14,666:INFO:Declaring metric variables
2021-10-04 08:32:14,689:INFO:Importing untrained model
2021-10-04 08:32:14,710:INFO:Decision Tree Classifier Imported succesfully
2021-10-04 08:32:14,756:INFO:Starting cross validation
2021-10-04 08:32:14,758:INFO:Cross validating with StratifiedKFold(n_splits=10, random_state=None, shuffle=False), n_jobs=-1
2021-10-04 08:32:14,942:INFO:Calculating mean and std
2021-10-04 08:32:14,943:INFO:Creating metrics dataframe
2021-10-04 08:32:14,953:INFO:Uploading results into container
2021-10-04 08:32:14,953:INFO:Uploading model into container now
2021-10-04 08:32:14,954:INFO:create_model_container: 4
2021-10-04 08:32:14,954:INFO:master_model_container: 4
2021-10-04 08:32:14,954:INFO:display_container: 2
2021-10-04 08:32:14,956:INFO:DecisionTreeClassifier(ccp_alpha=0.0, class_weight=None, criterion='gini',
                       max_depth=None, max_features=None, max_leaf_nodes=None,
                       min_impurity_decrease=0.0, min_impurity_split=None,
                       min_samples_leaf=1, min_samples_split=2,
                       min_weight_fraction_leaf=0.0, presort='deprecated',
                       random_state=123, splitter='best')
2021-10-04 08:32:14,956:INFO:create_model() succesfully completed......................................
2021-10-04 08:32:15,042:INFO:SubProcess create_model() end ==================================
2021-10-04 08:32:15,042:INFO:Creating metrics dataframe
2021-10-04 08:32:15,064:INFO:Initializing SVM - Linear Kernel
2021-10-04 08:32:15,064:INFO:Total runtime is 0.30827792088190714 minutes
2021-10-04 08:32:15,083:INFO:SubProcess create_model() called ==================================
2021-10-04 08:32:15,084:INFO:Initializing create_model()
2021-10-04 08:32:15,084:INFO:create_model(estimator=svm, fold=StratifiedKFold(n_splits=10, random_state=None, shuffle=False), round=4, cross_validation=True, predict=True, fit_kwargs={}, groups=None, refit=False, verbose=False, system=False, metrics=None, add_to_model_list=True, display=<pycaret.internal.Display.Display object at 0x0000027C205EF4F0>, kwargs={})
2021-10-04 08:32:15,085:INFO:Checking exceptions
2021-10-04 08:32:15,085:INFO:Importing libraries
2021-10-04 08:32:15,085:INFO:Copying training dataset
2021-10-04 08:32:15,087:INFO:Defining folds
2021-10-04 08:32:15,087:INFO:Declaring metric variables
2021-10-04 08:32:15,106:INFO:Importing untrained model
2021-10-04 08:32:15,128:INFO:SVM - Linear Kernel Imported succesfully
2021-10-04 08:32:15,178:INFO:Starting cross validation
2021-10-04 08:32:15,180:INFO:Cross validating with StratifiedKFold(n_splits=10, random_state=None, shuffle=False), n_jobs=-1
2021-10-04 08:32:15,462:INFO:Calculating mean and std
2021-10-04 08:32:15,462:INFO:Creating metrics dataframe
2021-10-04 08:32:15,474:INFO:Uploading results into container
2021-10-04 08:32:15,474:INFO:Uploading model into container now
2021-10-04 08:32:15,474:INFO:create_model_container: 5
2021-10-04 08:32:15,475:INFO:master_model_container: 5
2021-10-04 08:32:15,475:INFO:display_container: 2
2021-10-04 08:32:15,476:INFO:SGDClassifier(alpha=0.0001, average=False, class_weight=None,
              early_stopping=False, epsilon=0.1, eta0=0.001, fit_intercept=True,
              l1_ratio=0.15, learning_rate='optimal', loss='hinge',
              max_iter=1000, n_iter_no_change=5, n_jobs=-1, penalty='l2',
              power_t=0.5, random_state=123, shuffle=True, tol=0.001,
              validation_fraction=0.1, verbose=0, warm_start=False)
2021-10-04 08:32:15,476:INFO:create_model() succesfully completed......................................
2021-10-04 08:32:15,571:INFO:SubProcess create_model() end ==================================
2021-10-04 08:32:15,571:INFO:Creating metrics dataframe
2021-10-04 08:32:15,601:INFO:Initializing Ridge Classifier
2021-10-04 08:32:15,602:INFO:Total runtime is 0.31724247535069783 minutes
2021-10-04 08:32:15,618:INFO:SubProcess create_model() called ==================================
2021-10-04 08:32:15,620:INFO:Initializing create_model()
2021-10-04 08:32:15,620:INFO:create_model(estimator=ridge, fold=StratifiedKFold(n_splits=10, random_state=None, shuffle=False), round=4, cross_validation=True, predict=True, fit_kwargs={}, groups=None, refit=False, verbose=False, system=False, metrics=None, add_to_model_list=True, display=<pycaret.internal.Display.Display object at 0x0000027C205EF4F0>, kwargs={})
2021-10-04 08:32:15,620:INFO:Checking exceptions
2021-10-04 08:32:15,620:INFO:Importing libraries
2021-10-04 08:32:15,621:INFO:Copying training dataset
2021-10-04 08:32:15,623:INFO:Defining folds
2021-10-04 08:32:15,623:INFO:Declaring metric variables
2021-10-04 08:32:15,643:INFO:Importing untrained model
2021-10-04 08:32:15,665:INFO:Ridge Classifier Imported succesfully
2021-10-04 08:32:15,708:INFO:Starting cross validation
2021-10-04 08:32:15,709:INFO:Cross validating with StratifiedKFold(n_splits=10, random_state=None, shuffle=False), n_jobs=-1
2021-10-04 08:32:15,855:INFO:Calculating mean and std
2021-10-04 08:32:15,856:INFO:Creating metrics dataframe
2021-10-04 08:32:15,865:INFO:Uploading results into container
2021-10-04 08:32:15,865:INFO:Uploading model into container now
2021-10-04 08:32:15,865:INFO:create_model_container: 6
2021-10-04 08:32:15,865:INFO:master_model_container: 6
2021-10-04 08:32:15,866:INFO:display_container: 2
2021-10-04 08:32:15,866:INFO:RidgeClassifier(alpha=1.0, class_weight=None, copy_X=True, fit_intercept=True,
                max_iter=None, normalize=False, random_state=123, solver='auto',
                tol=0.001)
2021-10-04 08:32:15,866:INFO:create_model() succesfully completed......................................
2021-10-04 08:32:15,950:INFO:SubProcess create_model() end ==================================
2021-10-04 08:32:15,950:INFO:Creating metrics dataframe
2021-10-04 08:32:15,981:INFO:Initializing Random Forest Classifier
2021-10-04 08:32:15,982:INFO:Total runtime is 0.32357449928919474 minutes
2021-10-04 08:32:16,002:INFO:SubProcess create_model() called ==================================
2021-10-04 08:32:16,003:INFO:Initializing create_model()
2021-10-04 08:32:16,003:INFO:create_model(estimator=rf, fold=StratifiedKFold(n_splits=10, random_state=None, shuffle=False), round=4, cross_validation=True, predict=True, fit_kwargs={}, groups=None, refit=False, verbose=False, system=False, metrics=None, add_to_model_list=True, display=<pycaret.internal.Display.Display object at 0x0000027C205EF4F0>, kwargs={})
2021-10-04 08:32:16,004:INFO:Checking exceptions
2021-10-04 08:32:16,004:INFO:Importing libraries
2021-10-04 08:32:16,004:INFO:Copying training dataset
2021-10-04 08:32:16,006:INFO:Defining folds
2021-10-04 08:32:16,006:INFO:Declaring metric variables
2021-10-04 08:32:16,027:INFO:Importing untrained model
2021-10-04 08:32:16,051:INFO:Random Forest Classifier Imported succesfully
2021-10-04 08:32:16,097:INFO:Starting cross validation
2021-10-04 08:32:16,099:INFO:Cross validating with StratifiedKFold(n_splits=10, random_state=None, shuffle=False), n_jobs=-1
2021-10-04 08:32:17,863:INFO:Calculating mean and std
2021-10-04 08:32:17,866:INFO:Creating metrics dataframe
2021-10-04 08:32:17,877:INFO:Uploading results into container
2021-10-04 08:32:17,877:INFO:Uploading model into container now
2021-10-04 08:32:17,877:INFO:create_model_container: 7
2021-10-04 08:32:17,877:INFO:master_model_container: 7
2021-10-04 08:32:17,878:INFO:display_container: 2
2021-10-04 08:32:17,879:INFO:RandomForestClassifier(bootstrap=True, ccp_alpha=0.0, class_weight=None,
                       criterion='gini', max_depth=None, max_features='auto',
                       max_leaf_nodes=None, max_samples=None,
                       min_impurity_decrease=0.0, min_impurity_split=None,
                       min_samples_leaf=1, min_samples_split=2,
                       min_weight_fraction_leaf=0.0, n_estimators=100,
                       n_jobs=-1, oob_score=False, random_state=123, verbose=0,
                       warm_start=False)
2021-10-04 08:32:17,879:INFO:create_model() succesfully completed......................................
2021-10-04 08:32:17,975:INFO:SubProcess create_model() end ==================================
2021-10-04 08:32:17,975:INFO:Creating metrics dataframe
2021-10-04 08:32:18,006:INFO:Initializing Quadratic Discriminant Analysis
2021-10-04 08:32:18,007:INFO:Total runtime is 0.3573275367418925 minutes
2021-10-04 08:32:18,028:INFO:SubProcess create_model() called ==================================
2021-10-04 08:32:18,028:INFO:Initializing create_model()
2021-10-04 08:32:18,029:INFO:create_model(estimator=qda, fold=StratifiedKFold(n_splits=10, random_state=None, shuffle=False), round=4, cross_validation=True, predict=True, fit_kwargs={}, groups=None, refit=False, verbose=False, system=False, metrics=None, add_to_model_list=True, display=<pycaret.internal.Display.Display object at 0x0000027C205EF4F0>, kwargs={})
2021-10-04 08:32:18,029:INFO:Checking exceptions
2021-10-04 08:32:18,029:INFO:Importing libraries
2021-10-04 08:32:18,029:INFO:Copying training dataset
2021-10-04 08:32:18,030:INFO:Defining folds
2021-10-04 08:32:18,032:INFO:Declaring metric variables
2021-10-04 08:32:18,052:INFO:Importing untrained model
2021-10-04 08:32:18,073:INFO:Quadratic Discriminant Analysis Imported succesfully
2021-10-04 08:32:18,114:INFO:Starting cross validation
2021-10-04 08:32:18,115:INFO:Cross validating with StratifiedKFold(n_splits=10, random_state=None, shuffle=False), n_jobs=-1
2021-10-04 08:32:18,323:INFO:Calculating mean and std
2021-10-04 08:32:18,325:INFO:Creating metrics dataframe
2021-10-04 08:32:18,334:INFO:Uploading results into container
2021-10-04 08:32:18,334:INFO:Uploading model into container now
2021-10-04 08:32:18,334:INFO:create_model_container: 8
2021-10-04 08:32:18,335:INFO:master_model_container: 8
2021-10-04 08:32:18,335:INFO:display_container: 2
2021-10-04 08:32:18,336:INFO:QuadraticDiscriminantAnalysis(priors=None, reg_param=0.0,
                              store_covariance=False, tol=0.0001)
2021-10-04 08:32:18,336:INFO:create_model() succesfully completed......................................
2021-10-04 08:32:18,440:INFO:SubProcess create_model() end ==================================
2021-10-04 08:32:18,440:INFO:Creating metrics dataframe
2021-10-04 08:32:18,474:INFO:Initializing Ada Boost Classifier
2021-10-04 08:32:18,476:INFO:Total runtime is 0.3651317358016968 minutes
2021-10-04 08:32:18,494:INFO:SubProcess create_model() called ==================================
2021-10-04 08:32:18,496:INFO:Initializing create_model()
2021-10-04 08:32:18,496:INFO:create_model(estimator=ada, fold=StratifiedKFold(n_splits=10, random_state=None, shuffle=False), round=4, cross_validation=True, predict=True, fit_kwargs={}, groups=None, refit=False, verbose=False, system=False, metrics=None, add_to_model_list=True, display=<pycaret.internal.Display.Display object at 0x0000027C205EF4F0>, kwargs={})
2021-10-04 08:32:18,496:INFO:Checking exceptions
2021-10-04 08:32:18,496:INFO:Importing libraries
2021-10-04 08:32:18,496:INFO:Copying training dataset
2021-10-04 08:32:18,496:INFO:Defining folds
2021-10-04 08:32:18,499:INFO:Declaring metric variables
2021-10-04 08:32:18,520:INFO:Importing untrained model
2021-10-04 08:32:18,541:INFO:Ada Boost Classifier Imported succesfully
2021-10-04 08:32:18,583:INFO:Starting cross validation
2021-10-04 08:32:18,584:INFO:Cross validating with StratifiedKFold(n_splits=10, random_state=None, shuffle=False), n_jobs=-1
2021-10-04 08:32:19,471:INFO:Calculating mean and std
2021-10-04 08:32:19,472:INFO:Creating metrics dataframe
2021-10-04 08:32:19,482:INFO:Uploading results into container
2021-10-04 08:32:19,482:INFO:Uploading model into container now
2021-10-04 08:32:19,482:INFO:create_model_container: 9
2021-10-04 08:32:19,483:INFO:master_model_container: 9
2021-10-04 08:32:19,483:INFO:display_container: 2
2021-10-04 08:32:19,483:INFO:AdaBoostClassifier(algorithm='SAMME.R', base_estimator=None, learning_rate=1.0,
                   n_estimators=50, random_state=123)
2021-10-04 08:32:19,483:INFO:create_model() succesfully completed......................................
2021-10-04 08:32:19,586:INFO:SubProcess create_model() end ==================================
2021-10-04 08:32:19,586:INFO:Creating metrics dataframe
2021-10-04 08:32:19,610:INFO:Initializing Gradient Boosting Classifier
2021-10-04 08:32:19,610:INFO:Total runtime is 0.3840499718983968 minutes
2021-10-04 08:32:19,626:INFO:SubProcess create_model() called ==================================
2021-10-04 08:32:19,627:INFO:Initializing create_model()
2021-10-04 08:32:19,627:INFO:create_model(estimator=gbc, fold=StratifiedKFold(n_splits=10, random_state=None, shuffle=False), round=4, cross_validation=True, predict=True, fit_kwargs={}, groups=None, refit=False, verbose=False, system=False, metrics=None, add_to_model_list=True, display=<pycaret.internal.Display.Display object at 0x0000027C205EF4F0>, kwargs={})
2021-10-04 08:32:19,628:INFO:Checking exceptions
2021-10-04 08:32:19,628:INFO:Importing libraries
2021-10-04 08:32:19,628:INFO:Copying training dataset
2021-10-04 08:32:19,630:INFO:Defining folds
2021-10-04 08:32:19,630:INFO:Declaring metric variables
2021-10-04 08:32:19,647:INFO:Importing untrained model
2021-10-04 08:32:19,669:INFO:Gradient Boosting Classifier Imported succesfully
2021-10-04 08:32:19,719:INFO:Starting cross validation
2021-10-04 08:32:19,722:INFO:Cross validating with StratifiedKFold(n_splits=10, random_state=None, shuffle=False), n_jobs=-1
2021-10-04 08:32:21,652:INFO:Calculating mean and std
2021-10-04 08:32:21,653:INFO:Creating metrics dataframe
2021-10-04 08:32:21,662:INFO:Uploading results into container
2021-10-04 08:32:21,662:INFO:Uploading model into container now
2021-10-04 08:32:21,662:INFO:create_model_container: 10
2021-10-04 08:32:21,662:INFO:master_model_container: 10
2021-10-04 08:32:21,663:INFO:display_container: 2
2021-10-04 08:32:21,664:INFO:GradientBoostingClassifier(ccp_alpha=0.0, criterion='friedman_mse', init=None,
                           learning_rate=0.1, loss='deviance', max_depth=3,
                           max_features=None, max_leaf_nodes=None,
                           min_impurity_decrease=0.0, min_impurity_split=None,
                           min_samples_leaf=1, min_samples_split=2,
                           min_weight_fraction_leaf=0.0, n_estimators=100,
                           n_iter_no_change=None, presort='deprecated',
                           random_state=123, subsample=1.0, tol=0.0001,
                           validation_fraction=0.1, verbose=0,
                           warm_start=False)
2021-10-04 08:32:21,664:INFO:create_model() succesfully completed......................................
2021-10-04 08:32:21,754:INFO:SubProcess create_model() end ==================================
2021-10-04 08:32:21,754:INFO:Creating metrics dataframe
2021-10-04 08:32:21,786:INFO:Initializing Linear Discriminant Analysis
2021-10-04 08:32:21,787:INFO:Total runtime is 0.4203242262204488 minutes
2021-10-04 08:32:21,805:INFO:SubProcess create_model() called ==================================
2021-10-04 08:32:21,806:INFO:Initializing create_model()
2021-10-04 08:32:21,806:INFO:create_model(estimator=lda, fold=StratifiedKFold(n_splits=10, random_state=None, shuffle=False), round=4, cross_validation=True, predict=True, fit_kwargs={}, groups=None, refit=False, verbose=False, system=False, metrics=None, add_to_model_list=True, display=<pycaret.internal.Display.Display object at 0x0000027C205EF4F0>, kwargs={})
2021-10-04 08:32:21,806:INFO:Checking exceptions
2021-10-04 08:32:21,806:INFO:Importing libraries
2021-10-04 08:32:21,807:INFO:Copying training dataset
2021-10-04 08:32:21,807:INFO:Defining folds
2021-10-04 08:32:21,807:INFO:Declaring metric variables
2021-10-04 08:32:21,829:INFO:Importing untrained model
2021-10-04 08:32:21,854:INFO:Linear Discriminant Analysis Imported succesfully
2021-10-04 08:32:21,901:INFO:Starting cross validation
2021-10-04 08:32:21,907:INFO:Cross validating with StratifiedKFold(n_splits=10, random_state=None, shuffle=False), n_jobs=-1
2021-10-04 08:32:22,146:INFO:Calculating mean and std
2021-10-04 08:32:22,148:INFO:Creating metrics dataframe
2021-10-04 08:32:22,156:INFO:Uploading results into container
2021-10-04 08:32:22,156:INFO:Uploading model into container now
2021-10-04 08:32:22,156:INFO:create_model_container: 11
2021-10-04 08:32:22,156:INFO:master_model_container: 11
2021-10-04 08:32:22,157:INFO:display_container: 2
2021-10-04 08:32:22,157:INFO:LinearDiscriminantAnalysis(n_components=None, priors=None, shrinkage=None,
                           solver='svd', store_covariance=False, tol=0.0001)
2021-10-04 08:32:22,157:INFO:create_model() succesfully completed......................................
2021-10-04 08:32:22,254:INFO:SubProcess create_model() end ==================================
2021-10-04 08:32:22,254:INFO:Creating metrics dataframe
2021-10-04 08:32:22,283:INFO:Initializing Extra Trees Classifier
2021-10-04 08:32:22,283:INFO:Total runtime is 0.42859164079030354 minutes
2021-10-04 08:32:22,301:INFO:SubProcess create_model() called ==================================
2021-10-04 08:32:22,302:INFO:Initializing create_model()
2021-10-04 08:32:22,303:INFO:create_model(estimator=et, fold=StratifiedKFold(n_splits=10, random_state=None, shuffle=False), round=4, cross_validation=True, predict=True, fit_kwargs={}, groups=None, refit=False, verbose=False, system=False, metrics=None, add_to_model_list=True, display=<pycaret.internal.Display.Display object at 0x0000027C205EF4F0>, kwargs={})
2021-10-04 08:32:22,303:INFO:Checking exceptions
2021-10-04 08:32:22,303:INFO:Importing libraries
2021-10-04 08:32:22,304:INFO:Copying training dataset
2021-10-04 08:32:22,306:INFO:Defining folds
2021-10-04 08:32:22,306:INFO:Declaring metric variables
2021-10-04 08:32:22,325:INFO:Importing untrained model
2021-10-04 08:32:22,347:INFO:Extra Trees Classifier Imported succesfully
2021-10-04 08:32:22,395:INFO:Starting cross validation
2021-10-04 08:32:22,397:INFO:Cross validating with StratifiedKFold(n_splits=10, random_state=None, shuffle=False), n_jobs=-1
2021-10-04 08:32:23,853:INFO:Calculating mean and std
2021-10-04 08:32:23,856:INFO:Creating metrics dataframe
2021-10-04 08:32:23,864:INFO:Uploading results into container
2021-10-04 08:32:23,864:INFO:Uploading model into container now
2021-10-04 08:32:23,864:INFO:create_model_container: 12
2021-10-04 08:32:23,864:INFO:master_model_container: 12
2021-10-04 08:32:23,866:INFO:display_container: 2
2021-10-04 08:32:23,867:INFO:ExtraTreesClassifier(bootstrap=False, ccp_alpha=0.0, class_weight=None,
                     criterion='gini', max_depth=None, max_features='auto',
                     max_leaf_nodes=None, max_samples=None,
                     min_impurity_decrease=0.0, min_impurity_split=None,
                     min_samples_leaf=1, min_samples_split=2,
                     min_weight_fraction_leaf=0.0, n_estimators=100, n_jobs=-1,
                     oob_score=False, random_state=123, verbose=0,
                     warm_start=False)
2021-10-04 08:32:23,867:INFO:create_model() succesfully completed......................................
2021-10-04 08:32:23,969:INFO:SubProcess create_model() end ==================================
2021-10-04 08:32:23,969:INFO:Creating metrics dataframe
2021-10-04 08:32:23,998:INFO:Initializing Light Gradient Boosting Machine
2021-10-04 08:32:23,999:INFO:Total runtime is 0.45720107555389405 minutes
2021-10-04 08:32:24,016:INFO:SubProcess create_model() called ==================================
2021-10-04 08:32:24,017:INFO:Initializing create_model()
2021-10-04 08:32:24,018:INFO:create_model(estimator=lightgbm, fold=StratifiedKFold(n_splits=10, random_state=None, shuffle=False), round=4, cross_validation=True, predict=True, fit_kwargs={}, groups=None, refit=False, verbose=False, system=False, metrics=None, add_to_model_list=True, display=<pycaret.internal.Display.Display object at 0x0000027C205EF4F0>, kwargs={})
2021-10-04 08:32:24,018:INFO:Checking exceptions
2021-10-04 08:32:24,018:INFO:Importing libraries
2021-10-04 08:32:24,019:INFO:Copying training dataset
2021-10-04 08:32:24,020:INFO:Defining folds
2021-10-04 08:32:24,021:INFO:Declaring metric variables
2021-10-04 08:32:24,037:INFO:Importing untrained model
2021-10-04 08:32:24,062:INFO:Light Gradient Boosting Machine Imported succesfully
2021-10-04 08:32:24,110:INFO:Starting cross validation
2021-10-04 08:32:24,112:INFO:Cross validating with StratifiedKFold(n_splits=10, random_state=None, shuffle=False), n_jobs=-1
2021-10-04 08:32:26,528:INFO:Calculating mean and std
2021-10-04 08:32:26,531:INFO:Creating metrics dataframe
2021-10-04 08:32:26,539:INFO:Uploading results into container
2021-10-04 08:32:26,539:INFO:Uploading model into container now
2021-10-04 08:32:26,539:INFO:create_model_container: 13
2021-10-04 08:32:26,539:INFO:master_model_container: 13
2021-10-04 08:32:26,540:INFO:display_container: 2
2021-10-04 08:32:26,541:INFO:LGBMClassifier(boosting_type='gbdt', class_weight=None, colsample_bytree=1.0,
               importance_type='split', learning_rate=0.1, max_depth=-1,
               min_child_samples=20, min_child_weight=0.001, min_split_gain=0.0,
               n_estimators=100, n_jobs=-1, num_leaves=31, objective=None,
               random_state=123, reg_alpha=0.0, reg_lambda=0.0, silent=True,
               subsample=1.0, subsample_for_bin=200000, subsample_freq=0)
2021-10-04 08:32:26,541:INFO:create_model() succesfully completed......................................
2021-10-04 08:32:26,652:INFO:SubProcess create_model() end ==================================
2021-10-04 08:32:26,652:INFO:Creating metrics dataframe
2021-10-04 08:32:26,720:INFO:Initializing create_model()
2021-10-04 08:32:26,721:INFO:create_model(estimator=LGBMClassifier(boosting_type='gbdt', class_weight=None, colsample_bytree=1.0,
               importance_type='split', learning_rate=0.1, max_depth=-1,
               min_child_samples=20, min_child_weight=0.001, min_split_gain=0.0,
               n_estimators=100, n_jobs=-1, num_leaves=31, objective=None,
               random_state=123, reg_alpha=0.0, reg_lambda=0.0, silent=True,
               subsample=1.0, subsample_for_bin=200000, subsample_freq=0), fold=StratifiedKFold(n_splits=10, random_state=None, shuffle=False), round=4, cross_validation=False, predict=False, fit_kwargs={}, groups=None, refit=True, verbose=False, system=False, metrics=None, add_to_model_list=True, display=None, kwargs={})
2021-10-04 08:32:26,721:INFO:Checking exceptions
2021-10-04 08:32:26,721:INFO:Importing libraries
2021-10-04 08:32:26,722:INFO:Copying training dataset
2021-10-04 08:32:26,722:INFO:Defining folds
2021-10-04 08:32:26,723:INFO:Declaring metric variables
2021-10-04 08:32:26,724:INFO:Importing untrained model
2021-10-04 08:32:26,724:INFO:Declaring custom model
2021-10-04 08:32:26,726:INFO:Light Gradient Boosting Machine Imported succesfully
2021-10-04 08:32:26,727:INFO:Cross validation set to False
2021-10-04 08:32:26,727:INFO:Fitting Model
2021-10-04 08:32:27,135:INFO:LGBMClassifier(boosting_type='gbdt', class_weight=None, colsample_bytree=1.0,
               importance_type='split', learning_rate=0.1, max_depth=-1,
               min_child_samples=20, min_child_weight=0.001, min_split_gain=0.0,
               n_estimators=100, n_jobs=-1, num_leaves=31, objective=None,
               random_state=123, reg_alpha=0.0, reg_lambda=0.0, silent=True,
               subsample=1.0, subsample_for_bin=200000, subsample_freq=0)
2021-10-04 08:32:27,135:INFO:create_models() succesfully completed......................................
2021-10-04 08:32:27,323:INFO:create_model_container: 13
2021-10-04 08:32:27,323:INFO:master_model_container: 13
2021-10-04 08:32:27,323:INFO:display_container: 2
2021-10-04 08:32:27,324:INFO:LGBMClassifier(boosting_type='gbdt', class_weight=None, colsample_bytree=1.0,
               importance_type='split', learning_rate=0.1, max_depth=-1,
               min_child_samples=20, min_child_weight=0.001, min_split_gain=0.0,
               n_estimators=100, n_jobs=-1, num_leaves=31, objective=None,
               random_state=123, reg_alpha=0.0, reg_lambda=0.0, silent=True,
               subsample=1.0, subsample_for_bin=200000, subsample_freq=0)
2021-10-04 08:32:27,325:INFO:compare_models() succesfully completed......................................
2021-10-04 08:32:58,611:INFO:Initializing plot_model()
2021-10-04 08:32:58,612:INFO:plot_model(fold=None, use_train_data=False, verbose=True, is_in_evaluate=False, display=None, display_format=None, estimator=LGBMClassifier(boosting_type='gbdt', class_weight=None, colsample_bytree=1.0,
               importance_type='split', learning_rate=0.1, max_depth=-1,
               min_child_samples=20, min_child_weight=0.001, min_split_gain=0.0,
               n_estimators=100, n_jobs=-1, num_leaves=31, objective=None,
               random_state=123, reg_alpha=0.0, reg_lambda=0.0, silent=True,
               subsample=1.0, subsample_for_bin=200000, subsample_freq=0), feature_name=None, fit_kwargs=None, groups=None, label=False, plot=feature, save=False, scale=1, system=True)
2021-10-04 08:32:58,612:INFO:Checking exceptions
2021-10-04 08:32:58,614:INFO:Preparing display monitor
2021-10-04 08:32:58,631:INFO:Preloading libraries
2021-10-04 08:32:58,661:INFO:Copying training dataset
2021-10-04 08:32:58,661:INFO:Copying test dataset
2021-10-04 08:32:58,665:INFO:Plot type: feature
2021-10-04 08:32:59,071:WARNING:No coef_ found. Trying feature_importances_
2021-10-04 08:32:59,367:INFO:Visual Rendered Successfully
2021-10-04 08:32:59,473:INFO:plot_model() succesfully completed......................................
2021-10-04 08:33:22,743:INFO:Initializing plot_model()
2021-10-04 08:33:22,746:INFO:plot_model(fold=None, use_train_data=False, verbose=True, is_in_evaluate=False, display=None, display_format=None, estimator=LGBMClassifier(boosting_type='gbdt', class_weight=None, colsample_bytree=1.0,
               importance_type='split', learning_rate=0.1, max_depth=-1,
               min_child_samples=20, min_child_weight=0.001, min_split_gain=0.0,
               n_estimators=100, n_jobs=-1, num_leaves=31, objective=None,
               random_state=123, reg_alpha=0.0, reg_lambda=0.0, silent=True,
               subsample=1.0, subsample_for_bin=200000, subsample_freq=0), feature_name=None, fit_kwargs=None, groups=None, label=False, plot=threshold, save=False, scale=1, system=True)
2021-10-04 08:33:22,747:INFO:Checking exceptions
2021-10-04 08:33:22,750:INFO:Preparing display monitor
2021-10-04 08:33:22,768:INFO:Preloading libraries
2021-10-04 08:33:22,797:INFO:Copying training dataset
2021-10-04 08:33:22,797:INFO:Copying test dataset
2021-10-04 08:33:22,797:INFO:Plot type: threshold
2021-10-04 08:33:22,813:INFO:Fitting Model
2021-10-04 08:33:46,215:INFO:Scoring test/hold-out set
2021-10-04 08:33:46,930:INFO:Visual Rendered Successfully
2021-10-04 08:33:47,020:INFO:plot_model() succesfully completed......................................
2021-10-04 08:34:11,076:INFO:Initializing plot_model()
2021-10-04 08:34:11,077:INFO:plot_model(fold=None, use_train_data=False, verbose=True, is_in_evaluate=False, display=None, display_format=None, estimator=LGBMClassifier(boosting_type='gbdt', class_weight=None, colsample_bytree=1.0,
               importance_type='split', learning_rate=0.1, max_depth=-1,
               min_child_samples=20, min_child_weight=0.001, min_split_gain=0.0,
               n_estimators=100, n_jobs=-1, num_leaves=31, objective=None,
               random_state=123, reg_alpha=0.0, reg_lambda=0.0, silent=True,
               subsample=1.0, subsample_for_bin=200000, subsample_freq=0), feature_name=None, fit_kwargs=None, groups=None, label=False, plot=confusion_matrix, save=False, scale=1, system=True)
2021-10-04 08:34:11,077:INFO:Checking exceptions
2021-10-04 08:34:11,080:INFO:Preparing display monitor
2021-10-04 08:34:11,099:INFO:Preloading libraries
2021-10-04 08:34:11,126:INFO:Copying training dataset
2021-10-04 08:34:11,127:INFO:Copying test dataset
2021-10-04 08:34:11,130:INFO:Plot type: confusion_matrix
2021-10-04 08:34:11,139:INFO:Fitting Model
2021-10-04 08:34:11,139:INFO:Scoring test/hold-out set
2021-10-04 08:34:11,448:INFO:Visual Rendered Successfully
2021-10-04 08:34:11,525:INFO:plot_model() succesfully completed......................................
